# JRE version: OpenJDK Runtime Environment (11.0.10+9) (build 11.0.10+9-Ubuntu-0ubuntu1.20.04)
# Java VM: OpenJDK 64-Bit Server VM (11.0.10+9-Ubuntu-0ubuntu1.20.04, mixed mode, sharing, tiered, compressed oops, g1 gc, linux-amd64)
Heap:
 garbage-first heap   total 172032K, used 27256K [0x0000000086c00000, 0x0000000100000000)
  region size 1024K, 21 young (21504K), 7 survivors (7168K)
 Metaspace       used 20458K, capacity 21481K, committed 21552K, reserved 1067008K
  class space    used 2750K, capacity 3172K, committed 3200K, reserved 1048576K
GC Heap History (12 events):
Event: 0.823 GC heap before
{Heap before GC invocations=0 (full 0):
 garbage-first heap   total 126976K, used 15048K [0x0000000086c00000, 0x0000000100000000)
  region size 1024K, 14 young (14336K), 0 survivors (0K)
 Metaspace       used 2693K, capacity 4802K, committed 4864K, reserved 1056768K
  class space    used 348K, capacity 499K, committed 512K, reserved 1048576K
}
Event: 0.855 GC heap after
{Heap after GC invocations=1 (full 0):
 garbage-first heap   total 126976K, used 6649K [0x0000000086c00000, 0x0000000100000000)
  region size 1024K, 2 young (2048K), 2 survivors (2048K)
 Metaspace       used 2693K, capacity 4802K, committed 4864K, reserved 1056768K
  class space    used 348K, capacity 499K, committed 512K, reserved 1048576K
}
Event: 1.233 GC heap before
{Heap before GC invocations=1 (full 0):
 garbage-first heap   total 126976K, used 16889K [0x0000000086c00000, 0x0000000100000000)
  region size 1024K, 12 young (12288K), 2 survivors (2048K)
 Metaspace       used 6373K, capacity 6710K, committed 6912K, reserved 1056768K
  class space    used 788K, capacity 918K, committed 1024K, reserved 1048576K
}
Event: 1.254 GC heap after
{Heap after GC invocations=2 (full 0):
 garbage-first heap   total 126976K, used 8515K [0x0000000086c00000, 0x0000000100000000)
  region size 1024K, 2 young (2048K), 2 survivors (2048K)
 Metaspace       used 6373K, capacity 6710K, committed 6912K, reserved 1056768K
  class space    used 788K, capacity 918K, committed 1024K, reserved 1048576K
}
Event: 1.500 GC heap before
{Heap before GC invocations=2 (full 0):
 garbage-first heap   total 126976K, used 32067K [0x0000000086c00000, 0x0000000100000000)
  region size 1024K, 26 young (26624K), 2 survivors (2048K)
 Metaspace       used 7972K, capacity 8392K, committed 8704K, reserved 1056768K
  class space    used 1008K, capacity 1200K, committed 1280K, reserved 1048576K
}
Event: 1.508 GC heap after
{Heap after GC invocations=3 (full 0):
 garbage-first heap   total 126976K, used 9222K [0x0000000086c00000, 0x0000000100000000)
  region size 1024K, 3 young (3072K), 3 survivors (3072K)
 Metaspace       used 7972K, capacity 8392K, committed 8704K, reserved 1056768K
  class space    used 1008K, capacity 1200K, committed 1280K, reserved 1048576K
}
Event: 1.559 GC heap before
{Heap before GC invocations=3 (full 0):
 garbage-first heap   total 126976K, used 44038K [0x0000000086c00000, 0x0000000100000000)
  region size 1024K, 38 young (38912K), 3 survivors (3072K)
 Metaspace       used 7976K, capacity 8392K, committed 8704K, reserved 1056768K
  class space    used 1008K, capacity 1200K, committed 1280K, reserved 1048576K
}
Event: 1.566 GC heap after
{Heap after GC invocations=4 (full 0):
 garbage-first heap   total 126976K, used 9234K [0x0000000086c00000, 0x0000000100000000)
  region size 1024K, 3 young (3072K), 3 survivors (3072K)
 Metaspace       used 7976K, capacity 8392K, committed 8704K, reserved 1056768K
  class space    used 1008K, capacity 1200K, committed 1280K, reserved 1048576K
}
Event: 3.169 GC heap before
{Heap before GC invocations=4 (full 0):
 garbage-first heap   total 126976K, used 71698K [0x0000000086c00000, 0x0000000100000000)
  region size 1024K, 64 young (65536K), 3 survivors (3072K)
 Metaspace       used 15936K, capacity 16798K, committed 17152K, reserved 1064960K
  class space    used 2127K, capacity 2448K, committed 2560K, reserved 1048576K
}
Event: 3.217 GC heap after
{Heap after GC invocations=5 (full 0):
 garbage-first heap   total 172032K, used 11411K [0x0000000086c00000, 0x0000000100000000)
  region size 1024K, 5 young (5120K), 5 survivors (5120K)
 Metaspace       used 15936K, capacity 16798K, committed 17152K, reserved 1064960K
  class space    used 2127K, capacity 2448K, committed 2560K, reserved 1048576K
}
Event: 4.512 GC heap before
{Heap before GC invocations=5 (full 0):
 garbage-first heap   total 172032K, used 101523K [0x0000000086c00000, 0x0000000100000000)
  region size 1024K, 95 young (97280K), 5 survivors (5120K)
 Metaspace       used 20126K, capacity 21078K, committed 21296K, reserved 1067008K
  class space    used 2692K, capacity 3085K, committed 3200K, reserved 1048576K
}
Event: 4.528 GC heap after
{Heap after GC invocations=6 (full 0):
 garbage-first heap   total 172032K, used 13944K [0x0000000086c00000, 0x0000000100000000)
  region size 1024K, 7 young (7168K), 7 survivors (7168K)
 Metaspace       used 20126K, capacity 21078K, committed 21296K, reserved 1067008K
  class space    used 2692K, capacity 3085K, committed 3200K, reserved 1048576K
}

